{"/workspaces/todo_TKKG/backend/auth.js": {"path":"/workspaces/todo_TKKG/backend/auth.js","statementMap":{"0":{"start":{"line":5,"column":15},"end":{"line":5,"column":17}},"1":{"start":{"line":7,"column":19},"end":{"line":25,"column":22}},"2":{"start":{"line":7,"column":39},"end":{"line":25,"column":22}},"3":{"start":{"line":12,"column":8},"end":{"line":22,"column":9}},"4":{"start":{"line":13,"column":23},"end":{"line":13,"column":41}},"5":{"start":{"line":14,"column":12},"end":{"line":14,"column":34}},"6":{"start":{"line":15,"column":24},"end":{"line":15,"column":60}},"7":{"start":{"line":16,"column":12},"end":{"line":16,"column":42}},"8":{"start":{"line":17,"column":12},"end":{"line":17,"column":42}},"9":{"start":{"line":18,"column":12},"end":{"line":18,"column":75}},"10":{"start":{"line":19,"column":12},"end":{"line":19,"column":27}},"11":{"start":{"line":20,"column":12},"end":{"line":20,"column":47}},"12":{"start":{"line":21,"column":12},"end":{"line":21,"column":18}},"13":{"start":{"line":24,"column":8},"end":{"line":24,"column":14}}},"fnMap":{"0":{"name":"(anonymous_0)","decl":{"start":{"line":7,"column":19},"end":{"line":7,"column":20}},"loc":{"start":{"line":7,"column":39},"end":{"line":25,"column":22}},"line":7},"1":{"name":"(anonymous_1)","decl":{"start":{"line":9,"column":4},"end":{"line":9,"column":5}},"loc":{"start":{"line":9,"column":25},"end":{"line":25,"column":5}},"line":9}},"branchMap":{"0":{"loc":{"start":{"line":12,"column":8},"end":{"line":22,"column":9}},"type":"if","locations":[{"start":{"line":12,"column":8},"end":{"line":22,"column":9}},{"start":{},"end":{}}],"line":12}},"s":{"0":1,"1":1,"2":35,"3":35,"4":5,"5":5,"6":5,"7":5,"8":5,"9":5,"10":5,"11":5,"12":5,"13":30},"f":{"0":35,"1":35},"b":{"0":[5,30]},"_coverageSchema":"1a1c01bbd47fc00a2c39e90264f33305004495a9","hash":"f6bc0179ea79fe71654788653bb893ca6cf6442e"}
,"/workspaces/todo_TKKG/backend/db.js": {"path":"/workspaces/todo_TKKG/backend/db.js","statementMap":{"0":{"start":{"line":3,"column":18},"end":{"line":3,"column":76}},"1":{"start":{"line":4,"column":17},"end":{"line":4,"column":48}},"2":{"start":{"line":6,"column":9},"end":{"line":6,"column":13}},"3":{"start":{"line":7,"column":17},"end":{"line":7,"column":21}},"4":{"start":{"line":8,"column":13},"end":{"line":8,"column":17}},"5":{"start":{"line":14,"column":8},"end":{"line":19,"column":14}},"6":{"start":{"line":16,"column":16},"end":{"line":16,"column":33}},"7":{"start":{"line":17,"column":16},"end":{"line":17,"column":41}},"8":{"start":{"line":18,"column":16},"end":{"line":18,"column":52}},"9":{"start":{"line":24,"column":8},"end":{"line":24,"column":29}},"10":{"start":{"line":31,"column":8},"end":{"line":31,"column":43}},"11":{"start":{"line":40,"column":8},"end":{"line":45,"column":9}},"12":{"start":{"line":41,"column":12},"end":{"line":41,"column":35}},"13":{"start":{"line":44,"column":12},"end":{"line":44,"column":47}},"14":{"start":{"line":48,"column":8},"end":{"line":48,"column":43}},"15":{"start":{"line":57,"column":8},"end":{"line":62,"column":9}},"16":{"start":{"line":58,"column":12},"end":{"line":58,"column":35}},"17":{"start":{"line":61,"column":12},"end":{"line":61,"column":47}},"18":{"start":{"line":64,"column":8},"end":{"line":66,"column":9}},"19":{"start":{"line":65,"column":12},"end":{"line":65,"column":27}},"20":{"start":{"line":67,"column":8},"end":{"line":81,"column":15}},"21":{"start":{"line":70,"column":16},"end":{"line":76,"column":17}},"22":{"start":{"line":71,"column":20},"end":{"line":71,"column":32}},"23":{"start":{"line":74,"column":20},"end":{"line":74,"column":75}},"24":{"start":{"line":75,"column":20},"end":{"line":75,"column":59}},"25":{"start":{"line":79,"column":16},"end":{"line":79,"column":68}},"26":{"start":{"line":80,"column":16},"end":{"line":80,"column":26}},"27":{"start":{"line":90,"column":8},"end":{"line":95,"column":9}},"28":{"start":{"line":91,"column":12},"end":{"line":91,"column":35}},"29":{"start":{"line":94,"column":12},"end":{"line":94,"column":47}},"30":{"start":{"line":97,"column":8},"end":{"line":106,"column":14}},"31":{"start":{"line":99,"column":16},"end":{"line":105,"column":17}},"32":{"start":{"line":100,"column":20},"end":{"line":100,"column":40}},"33":{"start":{"line":103,"column":20},"end":{"line":103,"column":75}},"34":{"start":{"line":104,"column":20},"end":{"line":104,"column":59}},"35":{"start":{"line":114,"column":8},"end":{"line":125,"column":15}},"36":{"start":{"line":117,"column":16},"end":{"line":124,"column":17}},"37":{"start":{"line":118,"column":20},"end":{"line":118,"column":49}},"38":{"start":{"line":119,"column":20},"end":{"line":119,"column":32}},"39":{"start":{"line":122,"column":20},"end":{"line":122,"column":68}},"40":{"start":{"line":123,"column":20},"end":{"line":123,"column":60}}},"fnMap":{"0":{"name":"(anonymous_0)","decl":{"start":{"line":13,"column":4},"end":{"line":13,"column":5}},"loc":{"start":{"line":13,"column":14},"end":{"line":20,"column":5}},"line":13},"1":{"name":"(anonymous_1)","decl":{"start":{"line":15,"column":18},"end":{"line":15,"column":19}},"loc":{"start":{"line":15,"column":37},"end":{"line":19,"column":13}},"line":15},"2":{"name":"(anonymous_2)","decl":{"start":{"line":23,"column":4},"end":{"line":23,"column":5}},"loc":{"start":{"line":23,"column":12},"end":{"line":25,"column":5}},"line":23},"3":{"name":"(anonymous_3)","decl":{"start":{"line":30,"column":4},"end":{"line":30,"column":5}},"loc":{"start":{"line":30,"column":15},"end":{"line":32,"column":5}},"line":30},"4":{"name":"(anonymous_4)","decl":{"start":{"line":38,"column":4},"end":{"line":38,"column":5}},"loc":{"start":{"line":38,"column":18},"end":{"line":49,"column":5}},"line":38},"5":{"name":"(anonymous_5)","decl":{"start":{"line":55,"column":4},"end":{"line":55,"column":5}},"loc":{"start":{"line":55,"column":21},"end":{"line":82,"column":5}},"line":55},"6":{"name":"(anonymous_6)","decl":{"start":{"line":69,"column":18},"end":{"line":69,"column":19}},"loc":{"start":{"line":69,"column":28},"end":{"line":77,"column":13}},"line":69},"7":{"name":"(anonymous_7)","decl":{"start":{"line":78,"column":19},"end":{"line":78,"column":20}},"loc":{"start":{"line":78,"column":26},"end":{"line":81,"column":13}},"line":78},"8":{"name":"(anonymous_8)","decl":{"start":{"line":88,"column":4},"end":{"line":88,"column":5}},"loc":{"start":{"line":88,"column":15},"end":{"line":107,"column":5}},"line":88},"9":{"name":"(anonymous_9)","decl":{"start":{"line":98,"column":18},"end":{"line":98,"column":19}},"loc":{"start":{"line":98,"column":28},"end":{"line":106,"column":13}},"line":98},"10":{"name":"(anonymous_10)","decl":{"start":{"line":113,"column":4},"end":{"line":113,"column":5}},"loc":{"start":{"line":113,"column":17},"end":{"line":126,"column":5}},"line":113},"11":{"name":"(anonymous_11)","decl":{"start":{"line":116,"column":18},"end":{"line":116,"column":19}},"loc":{"start":{"line":116,"column":28},"end":{"line":125,"column":13}},"line":116}},"branchMap":{"0":{"loc":{"start":{"line":3,"column":18},"end":{"line":3,"column":76}},"type":"binary-expr","locations":[{"start":{"line":3,"column":18},"end":{"line":3,"column":39}},{"start":{"line":3,"column":43},"end":{"line":3,"column":76}}],"line":3},"1":{"loc":{"start":{"line":4,"column":17},"end":{"line":4,"column":48}},"type":"binary-expr","locations":[{"start":{"line":4,"column":17},"end":{"line":4,"column":37}},{"start":{"line":4,"column":41},"end":{"line":4,"column":48}}],"line":4},"2":{"loc":{"start":{"line":64,"column":8},"end":{"line":66,"column":9}},"type":"if","locations":[{"start":{"line":64,"column":8},"end":{"line":66,"column":9}},{"start":{},"end":{}}],"line":64},"3":{"loc":{"start":{"line":70,"column":16},"end":{"line":76,"column":17}},"type":"if","locations":[{"start":{"line":70,"column":16},"end":{"line":76,"column":17}},{"start":{"line":73,"column":21},"end":{"line":76,"column":17}}],"line":70},"4":{"loc":{"start":{"line":99,"column":16},"end":{"line":105,"column":17}},"type":"if","locations":[{"start":{"line":99,"column":16},"end":{"line":105,"column":17}},{"start":{"line":102,"column":21},"end":{"line":105,"column":17}}],"line":99},"5":{"loc":{"start":{"line":117,"column":16},"end":{"line":124,"column":17}},"type":"if","locations":[{"start":{"line":117,"column":16},"end":{"line":124,"column":17}},{"start":{"line":121,"column":21},"end":{"line":124,"column":17}}],"line":117}},"s":{"0":1,"1":1,"2":1,"3":1,"4":1,"5":1,"6":1,"7":1,"8":1,"9":1,"10":1,"11":4,"12":4,"13":1,"14":3,"15":2,"16":2,"17":1,"18":1,"19":1,"20":1,"21":1,"22":1,"23":0,"24":0,"25":0,"26":0,"27":2,"28":2,"29":1,"30":1,"31":1,"32":1,"33":0,"34":0,"35":9,"36":9,"37":9,"38":9,"39":0,"40":0},"f":{"0":1,"1":1,"2":1,"3":1,"4":4,"5":2,"6":1,"7":0,"8":2,"9":1,"10":9,"11":9},"b":{"0":[1,1],"1":[1,1],"2":[1,0],"3":[1,0],"4":[1,0],"5":[9,0]},"_coverageSchema":"1a1c01bbd47fc00a2c39e90264f33305004495a9","hash":"4e9360a7447be4ebee07816836856d4849ef133e"}
,"/workspaces/todo_TKKG/backend/index.js": {"path":"/workspaces/todo_TKKG/backend/index.js","statementMap":{"0":{"start":{"line":15,"column":13},"end":{"line":15,"column":37}},"1":{"start":{"line":21,"column":12},"end":{"line":21,"column":21}},"2":{"start":{"line":23,"column":0},"end":{"line":23,"column":23}},"3":{"start":{"line":24,"column":0},"end":{"line":24,"column":39}},"4":{"start":{"line":25,"column":0},"end":{"line":25,"column":24}},"5":{"start":{"line":26,"column":0},"end":{"line":26,"column":20}},"6":{"start":{"line":28,"column":0},"end":{"line":28,"column":31}},"7":{"start":{"line":30,"column":20},"end":{"line":30,"column":48}},"8":{"start":{"line":31,"column":0},"end":{"line":31,"column":68}},"9":{"start":{"line":36,"column":9},"end":{"line":36,"column":17}},"10":{"start":{"line":40,"column":4},"end":{"line":40,"column":23}},"11":{"start":{"line":41,"column":4},"end":{"line":41,"column":41}},"12":{"start":{"line":48,"column":13},"end":{"line":64,"column":1}},"13":{"start":{"line":51,"column":20},"end":{"line":51,"column":65}},"14":{"start":{"line":52,"column":8},"end":{"line":56,"column":9}},"15":{"start":{"line":53,"column":12},"end":{"line":55,"column":13}},"16":{"start":{"line":54,"column":16},"end":{"line":54,"column":41}},"17":{"start":{"line":57,"column":8},"end":{"line":57,"column":20}},"18":{"start":{"line":66,"column":0},"end":{"line":70,"column":1}},"19":{"start":{"line":68,"column":8},"end":{"line":68,"column":34}},"20":{"start":{"line":74,"column":0},"end":{"line":79,"column":6}},"21":{"start":{"line":76,"column":8},"end":{"line":78,"column":10}},"22":{"start":{"line":77,"column":12},"end":{"line":77,"column":60}}},"fnMap":{"0":{"name":"initDB","decl":{"start":{"line":39,"column":15},"end":{"line":39,"column":21}},"loc":{"start":{"line":39,"column":24},"end":{"line":42,"column":1}},"line":39},"1":{"name":"(anonymous_1)","decl":{"start":{"line":49,"column":20},"end":{"line":49,"column":21}},"loc":{"start":{"line":50,"column":4},"end":{"line":58,"column":5}},"line":50},"2":{"name":"(anonymous_2)","decl":{"start":{"line":67,"column":23},"end":{"line":67,"column":24}},"loc":{"start":{"line":67,"column":40},"end":{"line":69,"column":5}},"line":67},"3":{"name":"(anonymous_3)","decl":{"start":{"line":75,"column":10},"end":{"line":75,"column":11}},"loc":{"start":{"line":75,"column":16},"end":{"line":79,"column":5}},"line":75},"4":{"name":"(anonymous_4)","decl":{"start":{"line":76,"column":34},"end":{"line":76,"column":35}},"loc":{"start":{"line":76,"column":40},"end":{"line":78,"column":9}},"line":76}},"branchMap":{"0":{"loc":{"start":{"line":15,"column":13},"end":{"line":15,"column":37}},"type":"binary-expr","locations":[{"start":{"line":15,"column":13},"end":{"line":15,"column":29}},{"start":{"line":15,"column":33},"end":{"line":15,"column":37}}],"line":15},"1":{"loc":{"start":{"line":52,"column":8},"end":{"line":56,"column":9}},"type":"if","locations":[{"start":{"line":52,"column":8},"end":{"line":56,"column":9}},{"start":{},"end":{}}],"line":52},"2":{"loc":{"start":{"line":53,"column":12},"end":{"line":55,"column":13}},"type":"if","locations":[{"start":{"line":53,"column":12},"end":{"line":55,"column":13}},{"start":{},"end":{}}],"line":53}},"s":{"0":1,"1":1,"2":1,"3":1,"4":1,"5":1,"6":1,"7":1,"8":1,"9":1,"10":1,"11":1,"12":1,"13":35,"14":35,"15":5,"16":0,"17":35,"18":1,"19":30,"20":1,"21":1,"22":1},"f":{"0":1,"1":35,"2":30,"3":1,"4":1},"b":{"0":[1,1],"1":[5,30],"2":[0,5]},"_coverageSchema":"1a1c01bbd47fc00a2c39e90264f33305004495a9","hash":"abf97d37f8d4c58a32ab43e6ddd2cc56d41788c1"}
,"/workspaces/todo_TKKG/backend/routes.js": {"path":"/workspaces/todo_TKKG/backend/routes.js","statementMap":{"0":{"start":{"line":12,"column":18},"end":{"line":12,"column":106}},"1":{"start":{"line":13,"column":15},"end":{"line":13,"column":31}},"2":{"start":{"line":16,"column":0},"end":{"line":16,"column":55}},"3":{"start":{"line":17,"column":0},"end":{"line":17,"column":29}},"4":{"start":{"line":40,"column":0},"end":{"line":45,"column":2}},"5":{"start":{"line":42,"column":20},"end":{"line":42,"column":39}},"6":{"start":{"line":43,"column":8},"end":{"line":43,"column":24}},"7":{"start":{"line":72,"column":0},"end":{"line":91,"column":2}},"8":{"start":{"line":74,"column":17},"end":{"line":74,"column":30}},"9":{"start":{"line":76,"column":8},"end":{"line":89,"column":15}},"10":{"start":{"line":78,"column":16},"end":{"line":84,"column":17}},"11":{"start":{"line":79,"column":20},"end":{"line":79,"column":35}},"12":{"start":{"line":82,"column":20},"end":{"line":83,"column":68}},"13":{"start":{"line":87,"column":16},"end":{"line":87,"column":33}},"14":{"start":{"line":88,"column":16},"end":{"line":88,"column":36}},"15":{"start":{"line":130,"column":0},"end":{"line":162,"column":7}},"16":{"start":{"line":132,"column":22},"end":{"line":132,"column":43}},"17":{"start":{"line":133,"column":8},"end":{"line":135,"column":9}},"18":{"start":{"line":134,"column":12},"end":{"line":134,"column":65}},"19":{"start":{"line":137,"column":17},"end":{"line":137,"column":30}},"20":{"start":{"line":138,"column":19},"end":{"line":138,"column":27}},"21":{"start":{"line":140,"column":8},"end":{"line":140,"column":37}},"22":{"start":{"line":142,"column":8},"end":{"line":147,"column":9}},"23":{"start":{"line":143,"column":12},"end":{"line":143,"column":88}},"24":{"start":{"line":145,"column":12},"end":{"line":145,"column":84}},"25":{"start":{"line":146,"column":12},"end":{"line":146,"column":19}},"26":{"start":{"line":149,"column":8},"end":{"line":161,"column":14}},"27":{"start":{"line":151,"column":16},"end":{"line":156,"column":17}},"28":{"start":{"line":152,"column":20},"end":{"line":152,"column":35}},"29":{"start":{"line":154,"column":20},"end":{"line":154,"column":38}},"30":{"start":{"line":155,"column":20},"end":{"line":155,"column":40}},"31":{"start":{"line":159,"column":16},"end":{"line":159,"column":78}},"32":{"start":{"line":160,"column":16},"end":{"line":160,"column":36}},"33":{"start":{"line":189,"column":0},"end":{"line":210,"column":2}},"34":{"start":{"line":191,"column":22},"end":{"line":191,"column":43}},"35":{"start":{"line":192,"column":8},"end":{"line":194,"column":9}},"36":{"start":{"line":193,"column":12},"end":{"line":193,"column":65}},"37":{"start":{"line":196,"column":19},"end":{"line":196,"column":27}},"38":{"start":{"line":197,"column":8},"end":{"line":200,"column":9}},"39":{"start":{"line":198,"column":12},"end":{"line":198,"column":59}},"40":{"start":{"line":199,"column":12},"end":{"line":199,"column":19}},"41":{"start":{"line":201,"column":8},"end":{"line":208,"column":15}},"42":{"start":{"line":203,"column":16},"end":{"line":203,"column":43}},"43":{"start":{"line":206,"column":16},"end":{"line":206,"column":33}},"44":{"start":{"line":207,"column":16},"end":{"line":207,"column":36}},"45":{"start":{"line":233,"column":0},"end":{"line":249,"column":2}},"46":{"start":{"line":235,"column":17},"end":{"line":235,"column":30}},"47":{"start":{"line":236,"column":8},"end":{"line":247,"column":15}},"48":{"start":{"line":238,"column":16},"end":{"line":242,"column":17}},"49":{"start":{"line":239,"column":20},"end":{"line":239,"column":40}},"50":{"start":{"line":241,"column":20},"end":{"line":241,"column":40}},"51":{"start":{"line":245,"column":16},"end":{"line":245,"column":33}},"52":{"start":{"line":246,"column":16},"end":{"line":246,"column":36}},"53":{"start":{"line":251,"column":0},"end":{"line":293,"column":2}},"54":{"start":{"line":252,"column":15},"end":{"line":252,"column":29}},"55":{"start":{"line":253,"column":16},"end":{"line":253,"column":51}},"56":{"start":{"line":254,"column":4},"end":{"line":254,"column":67}},"57":{"start":{"line":263,"column":15},"end":{"line":263,"column":36}},"58":{"start":{"line":264,"column":4},"end":{"line":264,"column":44}},"59":{"start":{"line":265,"column":4},"end":{"line":265,"column":51}},"60":{"start":{"line":266,"column":4},"end":{"line":266,"column":29}},"61":{"start":{"line":267,"column":4},"end":{"line":267,"column":71}},"62":{"start":{"line":268,"column":4},"end":{"line":291,"column":10}},"63":{"start":{"line":273,"column":12},"end":{"line":278,"column":39}},"64":{"start":{"line":274,"column":16},"end":{"line":274,"column":102}},"65":{"start":{"line":275,"column":16},"end":{"line":275,"column":47}},"66":{"start":{"line":276,"column":16},"end":{"line":276,"column":32}},"67":{"start":{"line":278,"column":17},"end":{"line":278,"column":39}},"68":{"start":{"line":281,"column":12},"end":{"line":281,"column":55}},"69":{"start":{"line":282,"column":24},"end":{"line":282,"column":45}},"70":{"start":{"line":283,"column":12},"end":{"line":283,"column":74}},"71":{"start":{"line":284,"column":12},"end":{"line":284,"column":51}},"72":{"start":{"line":285,"column":12},"end":{"line":285,"column":31}},"73":{"start":{"line":288,"column":12},"end":{"line":288,"column":57}},"74":{"start":{"line":289,"column":12},"end":{"line":290,"column":35}},"75":{"start":{"line":290,"column":16},"end":{"line":290,"column":35}}},"fnMap":{"0":{"name":"(anonymous_0)","decl":{"start":{"line":41,"column":4},"end":{"line":41,"column":5}},"loc":{"start":{"line":41,"column":24},"end":{"line":44,"column":5}},"line":41},"1":{"name":"(anonymous_1)","decl":{"start":{"line":73,"column":4},"end":{"line":73,"column":5}},"loc":{"start":{"line":73,"column":24},"end":{"line":90,"column":5}},"line":73},"2":{"name":"(anonymous_2)","decl":{"start":{"line":77,"column":18},"end":{"line":77,"column":19}},"loc":{"start":{"line":77,"column":26},"end":{"line":85,"column":13}},"line":77},"3":{"name":"(anonymous_3)","decl":{"start":{"line":86,"column":19},"end":{"line":86,"column":20}},"loc":{"start":{"line":86,"column":26},"end":{"line":89,"column":13}},"line":86},"4":{"name":"(anonymous_4)","decl":{"start":{"line":131,"column":4},"end":{"line":131,"column":5}},"loc":{"start":{"line":131,"column":24},"end":{"line":162,"column":5}},"line":131},"5":{"name":"(anonymous_5)","decl":{"start":{"line":150,"column":18},"end":{"line":150,"column":19}},"loc":{"start":{"line":150,"column":26},"end":{"line":157,"column":13}},"line":150},"6":{"name":"(anonymous_6)","decl":{"start":{"line":158,"column":19},"end":{"line":158,"column":20}},"loc":{"start":{"line":158,"column":26},"end":{"line":161,"column":13}},"line":158},"7":{"name":"(anonymous_7)","decl":{"start":{"line":190,"column":4},"end":{"line":190,"column":5}},"loc":{"start":{"line":190,"column":24},"end":{"line":209,"column":5}},"line":190},"8":{"name":"(anonymous_8)","decl":{"start":{"line":202,"column":18},"end":{"line":202,"column":19}},"loc":{"start":{"line":202,"column":26},"end":{"line":204,"column":13}},"line":202},"9":{"name":"(anonymous_9)","decl":{"start":{"line":205,"column":19},"end":{"line":205,"column":20}},"loc":{"start":{"line":205,"column":26},"end":{"line":208,"column":13}},"line":205},"10":{"name":"(anonymous_10)","decl":{"start":{"line":234,"column":4},"end":{"line":234,"column":5}},"loc":{"start":{"line":234,"column":24},"end":{"line":248,"column":5}},"line":234},"11":{"name":"(anonymous_11)","decl":{"start":{"line":237,"column":18},"end":{"line":237,"column":19}},"loc":{"start":{"line":237,"column":26},"end":{"line":243,"column":13}},"line":237},"12":{"name":"(anonymous_12)","decl":{"start":{"line":244,"column":19},"end":{"line":244,"column":20}},"loc":{"start":{"line":244,"column":26},"end":{"line":247,"column":13}},"line":244},"13":{"name":"(anonymous_13)","decl":{"start":{"line":251,"column":30},"end":{"line":251,"column":31}},"loc":{"start":{"line":251,"column":50},"end":{"line":293,"column":1}},"line":251},"14":{"name":"(anonymous_14)","decl":{"start":{"line":272,"column":14},"end":{"line":272,"column":15}},"loc":{"start":{"line":272,"column":26},"end":{"line":279,"column":9}},"line":272},"15":{"name":"(anonymous_15)","decl":{"start":{"line":280,"column":14},"end":{"line":280,"column":15}},"loc":{"start":{"line":280,"column":26},"end":{"line":286,"column":9}},"line":280},"16":{"name":"(anonymous_16)","decl":{"start":{"line":287,"column":15},"end":{"line":287,"column":16}},"loc":{"start":{"line":287,"column":22},"end":{"line":291,"column":9}},"line":287}},"branchMap":{"0":{"loc":{"start":{"line":78,"column":16},"end":{"line":84,"column":17}},"type":"if","locations":[{"start":{"line":78,"column":16},"end":{"line":84,"column":17}},{"start":{"line":80,"column":23},"end":{"line":84,"column":17}}],"line":78},"1":{"loc":{"start":{"line":133,"column":8},"end":{"line":135,"column":9}},"type":"if","locations":[{"start":{"line":133,"column":8},"end":{"line":135,"column":9}},{"start":{},"end":{}}],"line":133},"2":{"loc":{"start":{"line":142,"column":8},"end":{"line":147,"column":9}},"type":"if","locations":[{"start":{"line":142,"column":8},"end":{"line":147,"column":9}},{"start":{},"end":{}}],"line":142},"3":{"loc":{"start":{"line":151,"column":16},"end":{"line":156,"column":17}},"type":"if","locations":[{"start":{"line":151,"column":16},"end":{"line":156,"column":17}},{"start":{"line":153,"column":23},"end":{"line":156,"column":17}}],"line":151},"4":{"loc":{"start":{"line":192,"column":8},"end":{"line":194,"column":9}},"type":"if","locations":[{"start":{"line":192,"column":8},"end":{"line":194,"column":9}},{"start":{},"end":{}}],"line":192},"5":{"loc":{"start":{"line":197,"column":8},"end":{"line":200,"column":9}},"type":"if","locations":[{"start":{"line":197,"column":8},"end":{"line":200,"column":9}},{"start":{},"end":{}}],"line":197},"6":{"loc":{"start":{"line":197,"column":12},"end":{"line":197,"column":41}},"type":"binary-expr","locations":[{"start":{"line":197,"column":12},"end":{"line":197,"column":22}},{"start":{"line":197,"column":26},"end":{"line":197,"column":41}}],"line":197},"7":{"loc":{"start":{"line":238,"column":16},"end":{"line":242,"column":17}},"type":"if","locations":[{"start":{"line":238,"column":16},"end":{"line":242,"column":17}},{"start":{"line":240,"column":23},"end":{"line":242,"column":17}}],"line":238},"8":{"loc":{"start":{"line":273,"column":12},"end":{"line":278,"column":39}},"type":"if","locations":[{"start":{"line":273,"column":12},"end":{"line":278,"column":39}},{"start":{"line":278,"column":17},"end":{"line":278,"column":39}}],"line":273},"9":{"loc":{"start":{"line":289,"column":12},"end":{"line":290,"column":35}},"type":"if","locations":[{"start":{"line":289,"column":12},"end":{"line":290,"column":35}},{"start":{},"end":{}}],"line":289}},"s":{"0":1,"1":1,"2":1,"3":1,"4":1,"5":1,"6":1,"7":1,"8":4,"9":4,"10":4,"11":1,"12":3,"13":0,"14":0,"15":1,"16":5,"17":5,"18":2,"19":3,"20":3,"21":3,"22":3,"23":1,"24":1,"25":1,"26":2,"27":2,"28":1,"29":1,"30":1,"31":0,"32":0,"33":1,"34":18,"35":18,"36":9,"37":9,"38":9,"39":0,"40":0,"41":9,"42":9,"43":0,"44":0,"45":1,"46":2,"47":2,"48":2,"49":1,"50":1,"51":0,"52":0,"53":1,"54":0,"55":0,"56":0,"57":0,"58":0,"59":0,"60":0,"61":0,"62":0,"63":0,"64":0,"65":0,"66":0,"67":0,"68":0,"69":0,"70":0,"71":0,"72":0,"73":0,"74":0,"75":0},"f":{"0":1,"1":4,"2":4,"3":0,"4":5,"5":2,"6":0,"7":18,"8":9,"9":0,"10":2,"11":2,"12":0,"13":0,"14":0,"15":0,"16":0},"b":{"0":[1,3],"1":[2,3],"2":[1,2],"3":[1,1],"4":[9,9],"5":[0,9],"6":[9,9],"7":[1,1],"8":[0,0],"9":[0,0]},"_coverageSchema":"1a1c01bbd47fc00a2c39e90264f33305004495a9","hash":"cb91b3ffe79bf1f202d159ecfbb1af75149b2422"}
,"/workspaces/todo_TKKG/backend/swagger.js": {"path":"/workspaces/todo_TKKG/backend/swagger.js","statementMap":{"0":{"start":{"line":1,"column":13},"end":{"line":1,"column":37}},"1":{"start":{"line":3,"column":23},"end":{"line":58,"column":1}}},"fnMap":{},"branchMap":{"0":{"loc":{"start":{"line":1,"column":13},"end":{"line":1,"column":37}},"type":"binary-expr","locations":[{"start":{"line":1,"column":13},"end":{"line":1,"column":29}},{"start":{"line":1,"column":33},"end":{"line":1,"column":37}}],"line":1}},"s":{"0":1,"1":1},"f":{},"b":{"0":[1,1]},"_coverageSchema":"1a1c01bbd47fc00a2c39e90264f33305004495a9","hash":"c850c4784f3bbebbea637c2d18c67f1a1e13a10e"}
,"/workspaces/todo_TKKG/backend/utils.js": {"path":"/workspaces/todo_TKKG/backend/utils.js","statementMap":{"0":{"start":{"line":6,"column":27},"end":{"line":10,"column":5}},"1":{"start":{"line":12,"column":26},"end":{"line":12,"column":114}},"2":{"start":{"line":14,"column":4},"end":{"line":29,"column":5}},"3":{"start":{"line":15,"column":25},"end":{"line":24,"column":14}},"4":{"start":{"line":25,"column":8},"end":{"line":25,"column":42}},"5":{"start":{"line":27,"column":8},"end":{"line":27,"column":72}},"6":{"start":{"line":28,"column":8},"end":{"line":28,"column":20}}},"fnMap":{"0":{"name":"getKeycloakToken","decl":{"start":{"line":5,"column":15},"end":{"line":5,"column":31}},"loc":{"start":{"line":5,"column":34},"end":{"line":30,"column":1}},"line":5}},"branchMap":{},"s":{"0":1,"1":1,"2":1,"3":1,"4":1,"5":0,"6":0},"f":{"0":1},"b":{},"_coverageSchema":"1a1c01bbd47fc00a2c39e90264f33305004495a9","hash":"6180ffdce5b1f93fccfb105ee9eba5583edb2f21"}
,"/workspaces/todo_TKKG/backend/validation.js": {"path":"/workspaces/todo_TKKG/backend/validation.js","statementMap":{"0":{"start":{"line":3,"column":28},"end":{"line":24,"column":1}}},"fnMap":{},"branchMap":{},"s":{"0":1},"f":{},"b":{},"_coverageSchema":"1a1c01bbd47fc00a2c39e90264f33305004495a9","hash":"8bef7fe08fb6f56abd0271407ee225f8d61a15ec"}
}
