TN:
SF:auth.js
FN:7,(anonymous_0)
FN:9,(anonymous_1)
FNF:2
FNH:2
FNDA:35,(anonymous_0)
FNDA:35,(anonymous_1)
DA:5,1
DA:7,35
DA:12,35
DA:13,5
DA:14,5
DA:15,5
DA:16,5
DA:17,5
DA:18,5
DA:19,5
DA:20,5
DA:21,5
DA:24,30
LF:13
LH:13
BRDA:12,0,0,5
BRDA:12,0,1,30
BRF:2
BRH:2
end_of_record
TN:
SF:db.js
FN:13,(anonymous_0)
FN:15,(anonymous_1)
FN:23,(anonymous_2)
FN:30,(anonymous_3)
FN:38,(anonymous_4)
FN:55,(anonymous_5)
FN:69,(anonymous_6)
FN:78,(anonymous_7)
FN:88,(anonymous_8)
FN:98,(anonymous_9)
FN:113,(anonymous_10)
FN:116,(anonymous_11)
FNF:12
FNH:11
FNDA:1,(anonymous_0)
FNDA:1,(anonymous_1)
FNDA:1,(anonymous_2)
FNDA:1,(anonymous_3)
FNDA:4,(anonymous_4)
FNDA:2,(anonymous_5)
FNDA:1,(anonymous_6)
FNDA:0,(anonymous_7)
FNDA:2,(anonymous_8)
FNDA:1,(anonymous_9)
FNDA:9,(anonymous_10)
FNDA:9,(anonymous_11)
DA:3,1
DA:4,1
DA:6,1
DA:7,1
DA:8,1
DA:14,1
DA:16,1
DA:17,1
DA:18,1
DA:24,1
DA:31,1
DA:40,4
DA:41,4
DA:44,1
DA:48,3
DA:57,2
DA:58,2
DA:61,1
DA:64,1
DA:65,1
DA:67,1
DA:70,1
DA:71,1
DA:74,0
DA:75,0
DA:79,0
DA:80,0
DA:90,2
DA:91,2
DA:94,1
DA:97,1
DA:99,1
DA:100,1
DA:103,0
DA:104,0
DA:114,9
DA:117,9
DA:118,9
DA:119,9
DA:122,0
DA:123,0
LF:41
LH:33
BRDA:3,0,0,1
BRDA:3,0,1,1
BRDA:4,1,0,1
BRDA:4,1,1,1
BRDA:64,2,0,1
BRDA:64,2,1,0
BRDA:70,3,0,1
BRDA:70,3,1,0
BRDA:99,4,0,1
BRDA:99,4,1,0
BRDA:117,5,0,9
BRDA:117,5,1,0
BRF:12
BRH:8
end_of_record
TN:
SF:index.js
FN:39,initDB
FN:49,(anonymous_1)
FN:67,(anonymous_2)
FN:75,(anonymous_3)
FN:76,(anonymous_4)
FNF:5
FNH:5
FNDA:1,initDB
FNDA:35,(anonymous_1)
FNDA:30,(anonymous_2)
FNDA:1,(anonymous_3)
FNDA:1,(anonymous_4)
DA:15,1
DA:21,1
DA:23,1
DA:24,1
DA:25,1
DA:26,1
DA:28,1
DA:30,1
DA:31,1
DA:36,1
DA:40,1
DA:41,1
DA:48,1
DA:51,35
DA:52,35
DA:53,5
DA:54,0
DA:57,35
DA:66,1
DA:68,30
DA:74,1
DA:76,1
DA:77,1
LF:23
LH:22
BRDA:15,0,0,1
BRDA:15,0,1,1
BRDA:52,1,0,5
BRDA:52,1,1,30
BRDA:53,2,0,0
BRDA:53,2,1,5
BRF:6
BRH:5
end_of_record
TN:
SF:routes.js
FN:41,(anonymous_0)
FN:73,(anonymous_1)
FN:77,(anonymous_2)
FN:86,(anonymous_3)
FN:131,(anonymous_4)
FN:150,(anonymous_5)
FN:158,(anonymous_6)
FN:190,(anonymous_7)
FN:202,(anonymous_8)
FN:205,(anonymous_9)
FN:234,(anonymous_10)
FN:237,(anonymous_11)
FN:244,(anonymous_12)
FN:251,(anonymous_13)
FN:272,(anonymous_14)
FN:280,(anonymous_15)
FN:287,(anonymous_16)
FNF:17
FNH:9
FNDA:1,(anonymous_0)
FNDA:4,(anonymous_1)
FNDA:4,(anonymous_2)
FNDA:0,(anonymous_3)
FNDA:5,(anonymous_4)
FNDA:2,(anonymous_5)
FNDA:0,(anonymous_6)
FNDA:18,(anonymous_7)
FNDA:9,(anonymous_8)
FNDA:0,(anonymous_9)
FNDA:2,(anonymous_10)
FNDA:2,(anonymous_11)
FNDA:0,(anonymous_12)
FNDA:0,(anonymous_13)
FNDA:0,(anonymous_14)
FNDA:0,(anonymous_15)
FNDA:0,(anonymous_16)
DA:12,1
DA:13,1
DA:16,1
DA:17,1
DA:40,1
DA:42,1
DA:43,1
DA:72,1
DA:74,4
DA:76,4
DA:78,4
DA:79,1
DA:82,3
DA:87,0
DA:88,0
DA:130,1
DA:132,5
DA:133,5
DA:134,2
DA:137,3
DA:138,3
DA:140,3
DA:142,3
DA:143,1
DA:145,1
DA:146,1
DA:149,2
DA:151,2
DA:152,1
DA:154,1
DA:155,1
DA:159,0
DA:160,0
DA:189,1
DA:191,18
DA:192,18
DA:193,9
DA:196,9
DA:197,9
DA:198,0
DA:199,0
DA:201,9
DA:203,9
DA:206,0
DA:207,0
DA:233,1
DA:235,2
DA:236,2
DA:238,2
DA:239,1
DA:241,1
DA:245,0
DA:246,0
DA:251,1
DA:252,0
DA:253,0
DA:254,0
DA:263,0
DA:264,0
DA:265,0
DA:266,0
DA:267,0
DA:268,0
DA:273,0
DA:274,0
DA:275,0
DA:276,0
DA:278,0
DA:281,0
DA:282,0
DA:283,0
DA:284,0
DA:285,0
DA:288,0
DA:289,0
DA:290,0
LF:76
LH:44
BRDA:78,0,0,1
BRDA:78,0,1,3
BRDA:133,1,0,2
BRDA:133,1,1,3
BRDA:142,2,0,1
BRDA:142,2,1,2
BRDA:151,3,0,1
BRDA:151,3,1,1
BRDA:192,4,0,9
BRDA:192,4,1,9
BRDA:197,5,0,0
BRDA:197,5,1,9
BRDA:197,6,0,9
BRDA:197,6,1,9
BRDA:238,7,0,1
BRDA:238,7,1,1
BRDA:273,8,0,0
BRDA:273,8,1,0
BRDA:289,9,0,0
BRDA:289,9,1,0
BRF:20
BRH:15
end_of_record
TN:
SF:swagger.js
FNF:0
FNH:0
DA:1,1
DA:3,1
LF:2
LH:2
BRDA:1,0,0,1
BRDA:1,0,1,1
BRF:2
BRH:2
end_of_record
TN:
SF:utils.js
FN:5,getKeycloakToken
FNF:1
FNH:1
FNDA:1,getKeycloakToken
DA:6,1
DA:12,1
DA:14,1
DA:15,1
DA:25,1
DA:27,0
DA:28,0
LF:7
LH:5
BRF:0
BRH:0
end_of_record
TN:
SF:validation.js
FNF:0
FNH:0
DA:3,1
LF:1
LH:1
BRF:0
BRH:0
end_of_record
